<?xml version="1.0" encoding="UTF-8"?>
<!-- Generated by org.testng.reporters.JUnitXMLReporter -->
<testsuite hostname="vijaya-tester" ignored="0" name="Default test" tests="1" failures="0" timestamp="2020-08-19T16:02:20 IST" time="14.211" errors="0">
  <testcase name="@BeforeMethod aemPublish" time="14.143" classname="nrdemo.NavBarTest">
    <failure type="org.openqa.selenium.SessionNotCreatedException" message="session not created
from chrome not reachable
  (Session info: chrome=84.0.4147.125)
Build info: version: &amp;apos;3.141.59&amp;apos;, revision: &amp;apos;e82be7d358&amp;apos;, time: &amp;apos;2018-11-14T08:25:48&amp;apos;
System info: host: &amp;apos;VIJAYA-TESTER&amp;apos;, ip: &amp;apos;192.168.43.73&amp;apos;, os.name: &amp;apos;Windows 10&amp;apos;, os.arch: &amp;apos;amd64&amp;apos;, os.version: &amp;apos;10.0&amp;apos;, java.version: &amp;apos;1.8.0_211&amp;apos;
Driver info: driver.version: ChromeDriver
remote stacktrace: Backtrace:
	Ordinal0 [0x006487E3+2852835]
	Ordinal0 [0x00535BB1+1727409]
	Ordinal0 [0x0040E362+516962]
	Ordinal0 [0x00407D82+490882]
	Ordinal0 [0x0040846B+492651]
	Ordinal0 [0x004093C5+496581]
	Ordinal0 [0x00404D64+478564]
	Ordinal0 [0x0040F300+520960]
	Ordinal0 [0x003BE489+189577]
	Ordinal0 [0x003BD7FD+186365]
	Ordinal0 [0x003BB70B+177931]
	Ordinal0 [0x003A2584+75140]
	Ordinal0 [0x003A3650+79440]
	Ordinal0 [0x003A35E9+79337]
	Ordinal0 [0x0054AD5C+1813852]
	GetHandleVerifier [0x0076C616+1075574]
	GetHandleVerifier [0x0076C367+1074887]
	GetHandleVerifier [0x00777497+1120247]
	GetHandleVerifier [0x0076CC16+1077110]
	Ordinal0 [0x00543206+1782278]
	Ordinal0 [0x0054C3BB+1819579]
	Ordinal0 [0x0054C523+1819939]
	Ordinal0 [0x00562B45+1911621]
	BaseThreadInitThunk [0x76796359+25]
	RtlGetAppContainerNamedObjectPath [0x77D87C24+228]
	RtlGetAppContainerNamedObjectPath [0x77D87BF4+180]
">
      <![CDATA[org.openqa.selenium.SessionNotCreatedException: session not created
from chrome not reachable
  (Session info: chrome=84.0.4147.125)
Build info: version: '3.141.59', revision: 'e82be7d358', time: '2018-11-14T08:25:48'
System info: host: 'VIJAYA-TESTER', ip: '192.168.43.73', os.name: 'Windows 10', os.arch: 'amd64', os.version: '10.0', java.version: '1.8.0_211'
Driver info: driver.version: ChromeDriver
remote stacktrace: Backtrace:
Ordinal0 [0x006487E3+2852835]
Ordinal0 [0x00535BB1+1727409]
Ordinal0 [0x0040E362+516962]
Ordinal0 [0x00407D82+490882]
Ordinal0 [0x0040846B+492651]
Ordinal0 [0x004093C5+496581]
Ordinal0 [0x00404D64+478564]
Ordinal0 [0x0040F300+520960]
Ordinal0 [0x003BE489+189577]
Ordinal0 [0x003BD7FD+186365]
Ordinal0 [0x003BB70B+177931]
Ordinal0 [0x003A2584+75140]
Ordinal0 [0x003A3650+79440]
Ordinal0 [0x003A35E9+79337]
Ordinal0 [0x0054AD5C+1813852]
GetHandleVerifier [0x0076C616+1075574]
GetHandleVerifier [0x0076C367+1074887]
GetHandleVerifier [0x00777497+1120247]
GetHandleVerifier [0x0076CC16+1077110]
Ordinal0 [0x00543206+1782278]
Ordinal0 [0x0054C3BB+1819579]
Ordinal0 [0x0054C523+1819939]
Ordinal0 [0x00562B45+1911621]
BaseThreadInitThunk [0x76796359+25]
RtlGetAppContainerNamedObjectPath [0x77D87C24+228]
RtlGetAppContainerNamedObjectPath [0x77D87BF4+180]

at sun.reflect.NativeConstructorAccessorImpl.newInstance0(Native Method)
at sun.reflect.NativeConstructorAccessorImpl.newInstance(NativeConstructorAccessorImpl.java:62)
at sun.reflect.DelegatingConstructorAccessorImpl.newInstance(DelegatingConstructorAccessorImpl.java:45)
at java.lang.reflect.Constructor.newInstance(Constructor.java:423)
at org.openqa.selenium.remote.W3CHandshakeResponse.lambda$errorHandler$0(W3CHandshakeResponse.java:62)
at org.openqa.selenium.remote.HandshakeResponse.lambda$getResponseFunction$0(HandshakeResponse.java:30)
at org.openqa.selenium.remote.ProtocolHandshake.lambda$createSession$0(ProtocolHandshake.java:126)
at java.util.stream.ReferencePipeline$3$1.accept(ReferencePipeline.java:193)
at java.util.Spliterators$ArraySpliterator.tryAdvance(Spliterators.java:958)
at java.util.stream.ReferencePipeline.forEachWithCancel(ReferencePipeline.java:126)
at java.util.stream.AbstractPipeline.copyIntoWithCancel(AbstractPipeline.java:498)
at java.util.stream.AbstractPipeline.copyInto(AbstractPipeline.java:485)
at java.util.stream.AbstractPipeline.wrapAndCopyInto(AbstractPipeline.java:471)
at java.util.stream.FindOps$FindOp.evaluateSequential(FindOps.java:152)
at java.util.stream.AbstractPipeline.evaluate(AbstractPipeline.java:234)
at java.util.stream.ReferencePipeline.findFirst(ReferencePipeline.java:464)
at org.openqa.selenium.remote.ProtocolHandshake.createSession(ProtocolHandshake.java:128)
at org.openqa.selenium.remote.ProtocolHandshake.createSession(ProtocolHandshake.java:74)
at org.openqa.selenium.remote.HttpCommandExecutor.execute(HttpCommandExecutor.java:136)
at org.openqa.selenium.remote.service.DriverCommandExecutor.execute(DriverCommandExecutor.java:83)
at org.openqa.selenium.remote.RemoteWebDriver.execute(RemoteWebDriver.java:552)
at org.openqa.selenium.remote.RemoteWebDriver.startSession(RemoteWebDriver.java:213)
at org.openqa.selenium.remote.RemoteWebDriver.<init>(RemoteWebDriver.java:131)
at org.openqa.selenium.chrome.ChromeDriver.<init>(ChromeDriver.java:181)
at org.openqa.selenium.chrome.ChromeDriver.<init>(ChromeDriver.java:168)
at org.openqa.selenium.chrome.ChromeDriver.<init>(ChromeDriver.java:123)
at nrdemoUtils.BaseClass.publishTest(BaseClass.java:32)
at nrdemo.NavBarTest.aemPublish(NavBarTest.java:13)
at sun.reflect.NativeMethodAccessorImpl.invoke0(Native Method)
at sun.reflect.NativeMethodAccessorImpl.invoke(NativeMethodAccessorImpl.java:62)
at sun.reflect.DelegatingMethodAccessorImpl.invoke(DelegatingMethodAccessorImpl.java:43)
at java.lang.reflect.Method.invoke(Method.java:498)
at org.testng.internal.MethodInvocationHelper.invokeMethod(MethodInvocationHelper.java:133)
at org.testng.internal.MethodInvocationHelper.invokeMethodConsideringTimeout(MethodInvocationHelper.java:62)
at org.testng.internal.ConfigInvoker.invokeConfigurationMethod(ConfigInvoker.java:340)
at org.testng.internal.ConfigInvoker.invokeConfigurations(ConfigInvoker.java:294)
at org.testng.internal.TestInvoker.runConfigMethods(TestInvoker.java:683)
at org.testng.internal.TestInvoker.invokeMethod(TestInvoker.java:510)
at org.testng.internal.TestInvoker.invokeTestMethod(TestInvoker.java:172)
at org.testng.internal.MethodRunner.runInSequence(MethodRunner.java:46)
at org.testng.internal.TestInvoker$MethodInvocationAgent.invoke(TestInvoker.java:804)
at org.testng.internal.TestInvoker.invokeTestMethods(TestInvoker.java:145)
at org.testng.internal.TestMethodWorker.invokeTestMethods(TestMethodWorker.java:146)
at org.testng.internal.TestMethodWorker.run(TestMethodWorker.java:128)
at java.util.ArrayList.forEach(ArrayList.java:1257)
at org.testng.TestRunner.privateRun(TestRunner.java:770)
at org.testng.TestRunner.run(TestRunner.java:591)
at org.testng.SuiteRunner.runTest(SuiteRunner.java:402)
at org.testng.SuiteRunner.runSequentially(SuiteRunner.java:396)
at org.testng.SuiteRunner.privateRun(SuiteRunner.java:355)
at org.testng.SuiteRunner.run(SuiteRunner.java:304)
at org.testng.SuiteRunnerWorker.runSuite(SuiteRunnerWorker.java:53)
at org.testng.SuiteRunnerWorker.run(SuiteRunnerWorker.java:96)
at org.testng.TestNG.runSuitesSequentially(TestNG.java:1180)
at org.testng.TestNG.runSuitesLocally(TestNG.java:1102)
at org.testng.TestNG.runSuites(TestNG.java:1032)
at org.testng.TestNG.run(TestNG.java:1000)
at org.testng.remote.AbstractRemoteTestNG.run(AbstractRemoteTestNG.java:115)
at org.testng.remote.RemoteTestNG.initAndRun(RemoteTestNG.java:251)
at org.testng.remote.RemoteTestNG.main(RemoteTestNG.java:77)
]]>
    </failure>
  </testcase> <!-- @BeforeMethod aemPublish -->
  <testcase name="navBarLinksTest" time="0.0" classname="nrdemo.NavBarTest">
    <skipped/>
  </testcase> <!-- navBarLinksTest -->
</testsuite> <!-- Default test -->
